<?xml version="1.0" encoding="UTF-8"?>
<!-- Generated by org.testng.reporters.JUnitReportReporter -->
<testsuite hostname="LAPTOP-T7P6J0PU" failures="0" tests="1" name="com.selenium.testcases.WindowHandleTest" time="8.461" errors="0" timestamp="2022-07-20T15:19:52 IST" skipped="0">
  <testcase classname="com.selenium.testcases.WindowHandleTest" name="WindowHandleTest" time="8.461"/>
  <system-out/>
</testsuite> <!-- com.selenium.testcases.WindowHandleTest -->
